<?xml version="1.0" encoding="UTF-8"?>
<!-- Generated by org.testng.reporters.JUnitXMLReporter -->
<testsuite ignored="0" hostname="DESKTOP-CS5CGAU" failures="0" tests="6" name="Test" time="44.041" errors="0" timestamp="2024-09-09T16:04:30 IST">
  <testcase classname="testCases.LoginSuccess" name="testCase" time="1.789"/>
  <testcase classname="testCases.LoginFail" name="testCase" time="1.999"/>
  <testcase classname="testCases.BonusTestClass" name="testCase" time="0.793"/>
  <testcase classname="testCases.BonusTestClass2" name="testCase" time="0.889"/>
  <testcase classname="testCases.BonusTestClass3" name="testCase" time="0.85"/>
  <testcase classname="testCases.BonusTestCase4" name="testCase" time="1.576"/>
</testsuite> <!-- Test -->
