<?xml version="1.0" encoding="UTF-8"?>
<testng-results ignored="0" total="6" passed="6" failed="0" skipped="0">
  <reporter-output>
  </reporter-output>
  <suite started-at="2024-09-09T16:03:45 IST" name="Suite" finished-at="2024-09-09T16:04:29 IST" duration-ms="44041">
    <groups>
    </groups>
    <test started-at="2024-09-09T16:03:45 IST" name="Test" finished-at="2024-09-09T16:04:29 IST" duration-ms="44041">
      <class name="testCases.BonusTestCase4">
        <test-method is-config="true" signature="setup()[pri:0, instance:testCases.BonusTestCase4@17f62e33]" started-at="2024-09-09T16:04:22 IST" name="setup" finished-at="2024-09-09T16:04:25 IST" duration-ms="3244" status="PASS">
          <reporter-output>
          </reporter-output>
        </test-method> <!-- setup -->
        <test-method signature="testCase()[pri:0, instance:testCases.BonusTestCase4@17f62e33]" started-at="2024-09-09T16:04:25 IST" name="testCase" finished-at="2024-09-09T16:04:27 IST" duration-ms="1576" status="PASS">
          <reporter-output>
          </reporter-output>
        </test-method> <!-- testCase -->
        <test-method is-config="true" signature="quit()[pri:0, instance:testCases.BonusTestCase4@17f62e33]" started-at="2024-09-09T16:04:27 IST" name="quit" finished-at="2024-09-09T16:04:29 IST" duration-ms="2269" status="PASS">
          <reporter-output>
          </reporter-output>
        </test-method> <!-- quit -->
      </class> <!-- testCases.BonusTestCase4 -->
      <class name="testCases.BonusTestClass">
        <test-method is-config="true" signature="setup()[pri:0, instance:testCases.BonusTestClass@173ed316]" started-at="2024-09-09T16:04:03 IST" name="setup" finished-at="2024-09-09T16:04:06 IST" duration-ms="3269" status="PASS">
          <reporter-output>
          </reporter-output>
        </test-method> <!-- setup -->
        <test-method signature="testCase()[pri:0, instance:testCases.BonusTestClass@173ed316]" started-at="2024-09-09T16:04:06 IST" name="testCase" finished-at="2024-09-09T16:04:07 IST" duration-ms="793" status="PASS">
          <reporter-output>
          </reporter-output>
        </test-method> <!-- testCase -->
        <test-method is-config="true" signature="quit()[pri:0, instance:testCases.BonusTestClass@173ed316]" started-at="2024-09-09T16:04:07 IST" name="quit" finished-at="2024-09-09T16:04:10 IST" duration-ms="2440" status="PASS">
          <reporter-output>
          </reporter-output>
        </test-method> <!-- quit -->
      </class> <!-- testCases.BonusTestClass -->
      <class name="testCases.LoginFail">
        <test-method is-config="true" signature="setup()[pri:0, instance:testCases.LoginFail@69e153c5]" started-at="2024-09-09T16:03:55 IST" name="setup" finished-at="2024-09-09T16:03:59 IST" duration-ms="3214" status="PASS">
          <reporter-output>
          </reporter-output>
        </test-method> <!-- setup -->
        <test-method signature="testCase()[pri:0, instance:testCases.LoginFail@69e153c5]" started-at="2024-09-09T16:03:59 IST" name="testCase" finished-at="2024-09-09T16:04:01 IST" duration-ms="1999" status="PASS">
          <reporter-output>
          </reporter-output>
        </test-method> <!-- testCase -->
        <test-method is-config="true" signature="quit()[pri:0, instance:testCases.LoginFail@69e153c5]" started-at="2024-09-09T16:04:01 IST" name="quit" finished-at="2024-09-09T16:04:03 IST" duration-ms="2439" status="PASS">
          <reporter-output>
          </reporter-output>
        </test-method> <!-- quit -->
      </class> <!-- testCases.LoginFail -->
      <class name="testCases.BonusTestClass2">
        <test-method is-config="true" signature="setup()[pri:0, instance:testCases.BonusTestClass2@25ce9dc4]" started-at="2024-09-09T16:04:10 IST" name="setup" finished-at="2024-09-09T16:04:13 IST" duration-ms="3205" status="PASS">
          <reporter-output>
          </reporter-output>
        </test-method> <!-- setup -->
        <test-method signature="testCase()[pri:0, instance:testCases.BonusTestClass2@25ce9dc4]" started-at="2024-09-09T16:04:13 IST" name="testCase" finished-at="2024-09-09T16:04:14 IST" duration-ms="889" status="PASS">
          <reporter-output>
          </reporter-output>
        </test-method> <!-- testCase -->
        <test-method is-config="true" signature="quit()[pri:0, instance:testCases.BonusTestClass2@25ce9dc4]" started-at="2024-09-09T16:04:14 IST" name="quit" finished-at="2024-09-09T16:04:16 IST" duration-ms="2536" status="PASS">
          <reporter-output>
          </reporter-output>
        </test-method> <!-- quit -->
      </class> <!-- testCases.BonusTestClass2 -->
      <class name="testCases.BonusTestClass3">
        <test-method is-config="true" signature="setup()[pri:0, instance:testCases.BonusTestClass3@74ea2410]" started-at="2024-09-09T16:04:16 IST" name="setup" finished-at="2024-09-09T16:04:19 IST" duration-ms="2817" status="PASS">
          <reporter-output>
          </reporter-output>
        </test-method> <!-- setup -->
        <test-method signature="testCase()[pri:0, instance:testCases.BonusTestClass3@74ea2410]" started-at="2024-09-09T16:04:19 IST" name="testCase" finished-at="2024-09-09T16:04:20 IST" duration-ms="850" status="PASS">
          <reporter-output>
          </reporter-output>
        </test-method> <!-- testCase -->
        <test-method is-config="true" signature="quit()[pri:0, instance:testCases.BonusTestClass3@74ea2410]" started-at="2024-09-09T16:04:20 IST" name="quit" finished-at="2024-09-09T16:04:22 IST" duration-ms="2413" status="PASS">
          <reporter-output>
          </reporter-output>
        </test-method> <!-- quit -->
      </class> <!-- testCases.BonusTestClass3 -->
      <class name="testCases.LoginSuccess">
        <test-method is-config="true" signature="setup()[pri:0, instance:testCases.LoginSuccess@4b741d6d]" started-at="2024-09-09T16:03:46 IST" name="setup" finished-at="2024-09-09T16:03:51 IST" duration-ms="4951" status="PASS">
          <reporter-output>
          </reporter-output>
        </test-method> <!-- setup -->
        <test-method signature="testCase()[pri:0, instance:testCases.LoginSuccess@4b741d6d]" started-at="2024-09-09T16:03:51 IST" name="testCase" finished-at="2024-09-09T16:03:53 IST" duration-ms="1789" status="PASS">
          <reporter-output>
          </reporter-output>
        </test-method> <!-- testCase -->
        <test-method is-config="true" signature="quit()[pri:0, instance:testCases.LoginSuccess@4b741d6d]" started-at="2024-09-09T16:03:53 IST" name="quit" finished-at="2024-09-09T16:03:55 IST" duration-ms="2454" status="PASS">
          <reporter-output>
          </reporter-output>
        </test-method> <!-- quit -->
      </class> <!-- testCases.LoginSuccess -->
    </test> <!-- Test -->
  </suite> <!-- Suite -->
</testng-results>
